2018-09-28 23:48:12,990 INFO  [Log] =====Browser Session Started===== 
2018-09-28 23:48:28,672 INFO  [Log] =====Application Started===== 
2018-09-28 23:48:28,922 INFO  [Log] **************************************************************************************** 
2018-09-28 23:48:28,922 INFO  [Log] **************************************************************************************** 
2018-09-28 23:48:28,923 INFO  [Log] $$$$$$$$$$$$$$$$$$$$$                 Selenium_Test_001       $$$$$$$$$$$$$$$$$$$$$$$$$ 
2018-09-28 23:48:28,923 INFO  [Log] **************************************************************************************** 
2018-09-28 23:48:28,923 INFO  [Log] **************************************************************************************** 
2018-09-28 23:48:29,275 INFO  [Log] =====Browser Session Started===== 
2018-09-29 06:41:24,506 INFO  [Log] =====Browser Session Started===== 
2018-09-29 06:41:37,335 INFO  [Log] =====Application Started===== 
2018-09-29 06:41:37,621 INFO  [Log] **************************************************************************************** 
2018-09-29 06:41:37,621 INFO  [Log] **************************************************************************************** 
2018-09-29 06:41:37,622 INFO  [Log] $$$$$$$$$$$$$$$$$$$$$                 Selenium_Test_001       $$$$$$$$$$$$$$$$$$$$$$$$$ 
2018-09-29 06:41:37,622 INFO  [Log] **************************************************************************************** 
2018-09-29 06:41:37,622 INFO  [Log] **************************************************************************************** 
2018-09-29 06:41:37,949 INFO  [Log] =====Browser Session Started===== 
2018-09-29 06:45:01,927 INFO  [Log] =====Browser Session Started===== 
2018-09-29 06:45:19,457 INFO  [Log] =====Application Started===== 
2018-09-29 06:45:19,772 INFO  [Log] **************************************************************************************** 
2018-09-29 06:45:19,772 INFO  [Log] **************************************************************************************** 
2018-09-29 06:45:19,772 INFO  [Log] $$$$$$$$$$$$$$$$$$$$$                 Selenium_Test_001       $$$$$$$$$$$$$$$$$$$$$$$$$ 
2018-09-29 06:45:19,772 INFO  [Log] **************************************************************************************** 
2018-09-29 06:45:19,772 INFO  [Log] **************************************************************************************** 
2018-09-29 06:45:20,118 INFO  [Log] =====Browser Session Started===== 
2018-09-29 06:47:46,335 INFO  [Log] =====Browser Session Started===== 
2018-09-29 06:48:06,007 INFO  [Log] =====Application Started===== 
2018-09-29 06:48:06,271 INFO  [Log] **************************************************************************************** 
2018-09-29 06:48:06,271 INFO  [Log] **************************************************************************************** 
2018-09-29 06:48:06,271 INFO  [Log] $$$$$$$$$$$$$$$$$$$$$                 Selenium_Test_001       $$$$$$$$$$$$$$$$$$$$$$$$$ 
2018-09-29 06:48:06,271 INFO  [Log] **************************************************************************************** 
2018-09-29 06:48:06,271 INFO  [Log] **************************************************************************************** 
2018-09-29 06:49:01,219 INFO  [Log] =====Browser Session Started===== 
2018-09-29 06:49:15,571 INFO  [Log] =====Application Started===== 
2018-09-29 06:49:15,845 INFO  [Log] **************************************************************************************** 
2018-09-29 06:49:15,845 INFO  [Log] **************************************************************************************** 
2018-09-29 06:49:15,845 INFO  [Log] $$$$$$$$$$$$$$$$$$$$$                 Selenium_Test_001       $$$$$$$$$$$$$$$$$$$$$$$$$ 
2018-09-29 06:49:15,845 INFO  [Log] **************************************************************************************** 
2018-09-29 06:49:15,845 INFO  [Log] **************************************************************************************** 
2018-09-29 06:49:33,838 INFO  [Log] =====Browser Session Started===== 
2018-09-29 06:49:47,529 INFO  [Log] =====Application Started===== 
2018-09-29 06:49:47,797 INFO  [Log] **************************************************************************************** 
2018-09-29 06:49:47,797 INFO  [Log] **************************************************************************************** 
2018-09-29 06:49:47,797 INFO  [Log] $$$$$$$$$$$$$$$$$$$$$                 Selenium_Test_001       $$$$$$$$$$$$$$$$$$$$$$$$$ 
2018-09-29 06:49:47,797 INFO  [Log] **************************************************************************************** 
2018-09-29 06:49:47,797 INFO  [Log] **************************************************************************************** 
2018-09-29 06:50:20,462 INFO  [Log] =====Browser Session Started===== 
2018-09-29 06:50:34,218 INFO  [Log] =====Application Started===== 
2018-09-29 06:50:34,455 INFO  [Log] **************************************************************************************** 
2018-09-29 06:50:34,455 INFO  [Log] **************************************************************************************** 
2018-09-29 06:50:34,455 INFO  [Log] $$$$$$$$$$$$$$$$$$$$$                 Selenium_Test_001       $$$$$$$$$$$$$$$$$$$$$$$$$ 
2018-09-29 06:50:34,455 INFO  [Log] **************************************************************************************** 
2018-09-29 06:50:34,456 INFO  [Log] **************************************************************************************** 
2018-09-29 06:54:11,254 INFO  [Log] =====Browser Session Started===== 
2018-09-29 06:54:23,883 INFO  [Log] =====Application Started===== 
2018-09-29 06:54:24,157 INFO  [Log] **************************************************************************************** 
2018-09-29 06:54:24,157 INFO  [Log] **************************************************************************************** 
2018-09-29 06:54:24,157 INFO  [Log] $$$$$$$$$$$$$$$$$$$$$                 Selenium_Test_001       $$$$$$$$$$$$$$$$$$$$$$$$$ 
2018-09-29 06:54:24,157 INFO  [Log] **************************************************************************************** 
2018-09-29 06:54:24,157 INFO  [Log] **************************************************************************************** 
2018-09-29 06:54:51,489 INFO  [Log] =====Browser Session Started===== 
2018-09-29 06:55:03,866 INFO  [Log] =====Application Started===== 
2018-09-29 06:55:04,114 INFO  [Log] **************************************************************************************** 
2018-09-29 06:55:04,114 INFO  [Log] **************************************************************************************** 
2018-09-29 06:55:04,114 INFO  [Log] $$$$$$$$$$$$$$$$$$$$$                 Selenium_Test_001       $$$$$$$$$$$$$$$$$$$$$$$$$ 
2018-09-29 06:55:04,114 INFO  [Log] **************************************************************************************** 
2018-09-29 06:55:04,114 INFO  [Log] **************************************************************************************** 
2018-09-29 06:55:41,195 INFO  [Log] =====Browser Session Started===== 
2018-09-29 06:55:54,010 INFO  [Log] =====Application Started===== 
2018-09-29 06:55:54,343 INFO  [Log] **************************************************************************************** 
2018-09-29 06:55:54,343 INFO  [Log] **************************************************************************************** 
2018-09-29 06:55:54,343 INFO  [Log] $$$$$$$$$$$$$$$$$$$$$                 Selenium_Test_001       $$$$$$$$$$$$$$$$$$$$$$$$$ 
2018-09-29 06:55:54,343 INFO  [Log] **************************************************************************************** 
2018-09-29 06:55:54,343 INFO  [Log] **************************************************************************************** 
2018-09-29 06:55:55,486 INFO  [Log] =====Browser Session Started===== 
2018-09-29 06:57:37,351 INFO  [Log] =====Browser Session Started===== 
2018-09-29 06:57:55,896 INFO  [Log] =====Application Started===== 
2018-09-29 06:57:56,173 INFO  [Log] **************************************************************************************** 
2018-09-29 06:57:56,173 INFO  [Log] **************************************************************************************** 
2018-09-29 06:57:56,173 INFO  [Log] $$$$$$$$$$$$$$$$$$$$$                 Selenium_Test_001       $$$$$$$$$$$$$$$$$$$$$$$$$ 
2018-09-29 06:57:56,173 INFO  [Log] **************************************************************************************** 
2018-09-29 06:57:56,173 INFO  [Log] **************************************************************************************** 
2018-09-29 06:57:57,226 INFO  [Log] =====Browser Session Started===== 
2018-09-29 07:00:04,355 INFO  [Log] =====Browser Session Started===== 
2018-09-29 07:00:16,873 INFO  [Log] =====Application Started===== 
2018-09-29 07:00:17,158 INFO  [Log] **************************************************************************************** 
2018-09-29 07:00:17,158 INFO  [Log] **************************************************************************************** 
2018-09-29 07:00:17,158 INFO  [Log] $$$$$$$$$$$$$$$$$$$$$                 Selenium_Test_001       $$$$$$$$$$$$$$$$$$$$$$$$$ 
2018-09-29 07:00:17,158 INFO  [Log] **************************************************************************************** 
2018-09-29 07:00:17,158 INFO  [Log] **************************************************************************************** 
2018-09-29 07:00:18,303 INFO  [Log] =====Browser Session Started===== 
2018-09-29 07:06:08,491 INFO  [Log] =====Browser Session Started===== 
2018-09-29 07:06:22,690 INFO  [Log] =====Application Started===== 
2018-09-29 07:06:23,185 INFO  [Log] **************************************************************************************** 
2018-09-29 07:06:23,185 INFO  [Log] **************************************************************************************** 
2018-09-29 07:06:23,185 INFO  [Log] $$$$$$$$$$$$$$$$$$$$$                 Selenium_Test_001       $$$$$$$$$$$$$$$$$$$$$$$$$ 
2018-09-29 07:06:23,185 INFO  [Log] **************************************************************************************** 
2018-09-29 07:06:23,185 INFO  [Log] **************************************************************************************** 
2018-09-29 07:13:41,204 INFO  [Log] =====Browser Session Started===== 
2018-09-29 07:13:54,811 INFO  [Log] =====Application Started===== 
2018-09-29 07:13:55,071 INFO  [Log] **************************************************************************************** 
2018-09-29 07:13:55,071 INFO  [Log] **************************************************************************************** 
2018-09-29 07:13:55,071 INFO  [Log] $$$$$$$$$$$$$$$$$$$$$                 Selenium_Test_001       $$$$$$$$$$$$$$$$$$$$$$$$$ 
2018-09-29 07:13:55,071 INFO  [Log] **************************************************************************************** 
2018-09-29 07:13:55,071 INFO  [Log] **************************************************************************************** 
2018-09-29 07:24:33,266 INFO  [Log] =====Browser Session Started===== 
2018-09-29 07:24:59,307 INFO  [Log] =====Application Started===== 
2018-09-29 07:24:59,747 INFO  [Log] **************************************************************************************** 
2018-09-29 07:24:59,747 INFO  [Log] **************************************************************************************** 
2018-09-29 07:24:59,747 INFO  [Log] $$$$$$$$$$$$$$$$$$$$$                 Selenium_Test_001       $$$$$$$$$$$$$$$$$$$$$$$$$ 
2018-09-29 07:24:59,747 INFO  [Log] **************************************************************************************** 
2018-09-29 07:24:59,747 INFO  [Log] **************************************************************************************** 
2018-09-29 07:27:42,637 INFO  [Log] =====Browser Session Started===== 
2018-09-29 07:27:56,881 INFO  [Log] =====Application Started===== 
2018-09-29 07:27:57,165 INFO  [Log] **************************************************************************************** 
2018-09-29 07:27:57,165 INFO  [Log] **************************************************************************************** 
2018-09-29 07:27:57,165 INFO  [Log] $$$$$$$$$$$$$$$$$$$$$                 Selenium_Test_001       $$$$$$$$$$$$$$$$$$$$$$$$$ 
2018-09-29 07:27:57,165 INFO  [Log] **************************************************************************************** 
2018-09-29 07:27:57,165 INFO  [Log] **************************************************************************************** 
2018-09-29 07:28:48,492 INFO  [Log] =====Browser Session Started===== 
2018-09-29 07:29:02,514 INFO  [Log] =====Application Started===== 
2018-09-29 07:29:02,784 INFO  [Log] **************************************************************************************** 
2018-09-29 07:29:02,785 INFO  [Log] **************************************************************************************** 
2018-09-29 07:29:02,785 INFO  [Log] $$$$$$$$$$$$$$$$$$$$$                 Selenium_Test_001       $$$$$$$$$$$$$$$$$$$$$$$$$ 
2018-09-29 07:29:02,785 INFO  [Log] **************************************************************************************** 
2018-09-29 07:29:02,785 INFO  [Log] **************************************************************************************** 
2018-09-29 07:35:45,912 INFO  [Log] =====Browser Session Started===== 
2018-09-29 07:35:58,508 INFO  [Log] =====Application Started===== 
2018-09-29 07:35:58,808 INFO  [Log] **************************************************************************************** 
2018-09-29 07:35:58,808 INFO  [Log] **************************************************************************************** 
2018-09-29 07:35:58,808 INFO  [Log] $$$$$$$$$$$$$$$$$$$$$                 Selenium_Test_001       $$$$$$$$$$$$$$$$$$$$$$$$$ 
2018-09-29 07:35:58,808 INFO  [Log] **************************************************************************************** 
2018-09-29 07:35:58,808 INFO  [Log] **************************************************************************************** 
2018-09-29 07:59:28,305 INFO  [Log] =====Browser Session Started===== 
2018-09-29 07:59:44,382 INFO  [Log] =====Application Started===== 
2018-09-29 07:59:44,636 INFO  [Log] **************************************************************************************** 
2018-09-29 07:59:44,636 INFO  [Log] **************************************************************************************** 
2018-09-29 07:59:44,636 INFO  [Log] $$$$$$$$$$$$$$$$$$$$$                 Selenium_Test_001       $$$$$$$$$$$$$$$$$$$$$$$$$ 
2018-09-29 07:59:44,636 INFO  [Log] **************************************************************************************** 
2018-09-29 07:59:44,636 INFO  [Log] **************************************************************************************** 
2018-09-29 08:00:23,639 INFO  [Log] =====Browser Session Started===== 
2018-09-29 08:00:37,746 INFO  [Log] =====Application Started===== 
2018-09-29 08:00:38,007 INFO  [Log] **************************************************************************************** 
2018-09-29 08:00:38,007 INFO  [Log] **************************************************************************************** 
2018-09-29 08:00:38,007 INFO  [Log] $$$$$$$$$$$$$$$$$$$$$                 Selenium_Test_001       $$$$$$$$$$$$$$$$$$$$$$$$$ 
2018-09-29 08:00:38,007 INFO  [Log] **************************************************************************************** 
2018-09-29 08:00:38,007 INFO  [Log] **************************************************************************************** 
2018-09-29 08:01:33,563 INFO  [Log] =====Browser Session Started===== 
2018-09-29 08:01:45,224 INFO  [Log] =====Application Started===== 
2018-09-29 08:01:45,500 INFO  [Log] **************************************************************************************** 
2018-09-29 08:01:45,500 INFO  [Log] **************************************************************************************** 
2018-09-29 08:01:45,500 INFO  [Log] $$$$$$$$$$$$$$$$$$$$$                 Selenium_Test_001       $$$$$$$$$$$$$$$$$$$$$$$$$ 
2018-09-29 08:01:45,500 INFO  [Log] **************************************************************************************** 
2018-09-29 08:01:45,500 INFO  [Log] **************************************************************************************** 
2018-09-29 08:03:52,902 INFO  [Log] =====Browser Session Started===== 
2018-09-29 08:04:07,348 INFO  [Log] =====Application Started===== 
2018-09-29 08:04:07,611 INFO  [Log] **************************************************************************************** 
2018-09-29 08:04:07,611 INFO  [Log] **************************************************************************************** 
2018-09-29 08:04:07,611 INFO  [Log] $$$$$$$$$$$$$$$$$$$$$                 Selenium_Test_001       $$$$$$$$$$$$$$$$$$$$$$$$$ 
2018-09-29 08:04:07,611 INFO  [Log] **************************************************************************************** 
2018-09-29 08:04:07,611 INFO  [Log] **************************************************************************************** 
2018-09-29 08:05:32,107 INFO  [Log] =====Browser Session Started===== 
2018-09-29 08:05:53,443 INFO  [Log] =====Application Started===== 
2018-09-29 08:05:53,704 INFO  [Log] **************************************************************************************** 
2018-09-29 08:05:53,704 INFO  [Log] **************************************************************************************** 
2018-09-29 08:05:53,704 INFO  [Log] $$$$$$$$$$$$$$$$$$$$$                 Selenium_Test_001       $$$$$$$$$$$$$$$$$$$$$$$$$ 
2018-09-29 08:05:53,704 INFO  [Log] **************************************************************************************** 
2018-09-29 08:05:53,704 INFO  [Log] **************************************************************************************** 
2018-09-29 08:05:57,828 INFO  [Log] =====Browser Session Started===== 
2018-09-29 08:11:15,580 INFO  [Log] =====Browser Session Started===== 
2018-09-29 08:11:28,381 INFO  [Log] =====Application Started===== 
2018-09-29 08:11:28,634 INFO  [Log] **************************************************************************************** 
2018-09-29 08:11:28,634 INFO  [Log] **************************************************************************************** 
2018-09-29 08:11:28,634 INFO  [Log] $$$$$$$$$$$$$$$$$$$$$                 Selenium_Test_001       $$$$$$$$$$$$$$$$$$$$$$$$$ 
2018-09-29 08:11:28,634 INFO  [Log] **************************************************************************************** 
2018-09-29 08:11:28,634 INFO  [Log] **************************************************************************************** 
2018-09-29 08:11:32,909 INFO  [Log] =====Browser Session Started===== 
2018-09-29 09:39:08,894 INFO  [Log] =====Browser Session Started===== 
2018-09-29 09:39:27,311 INFO  [Log] =====Application Started===== 
2018-09-29 09:39:47,635 INFO  [Log] **************************************************************************************** 
2018-09-29 09:39:47,636 INFO  [Log] **************************************************************************************** 
2018-09-29 09:39:47,636 INFO  [Log] $$$$$$$$$$$$$$$$$$$$$                 Selenium_Test_001       $$$$$$$$$$$$$$$$$$$$$$$$$ 
2018-09-29 09:39:47,636 INFO  [Log] **************************************************************************************** 
2018-09-29 09:39:47,636 INFO  [Log] **************************************************************************************** 
2018-09-29 09:39:51,917 INFO  [Log] =====Browser Session Started===== 
2018-09-29 09:54:47,442 INFO  [Log] =====Browser Session Started===== 
2018-09-29 09:55:03,147 INFO  [Log] =====Application Started===== 
2018-09-29 09:55:23,460 INFO  [Log] **************************************************************************************** 
2018-09-29 09:55:23,460 INFO  [Log] **************************************************************************************** 
2018-09-29 09:55:23,460 INFO  [Log] $$$$$$$$$$$$$$$$$$$$$                 Selenium_Test_001       $$$$$$$$$$$$$$$$$$$$$$$$$ 
2018-09-29 09:55:23,460 INFO  [Log] **************************************************************************************** 
2018-09-29 09:55:23,460 INFO  [Log] **************************************************************************************** 
2018-09-29 09:55:27,601 INFO  [Log] =====Browser Session Started===== 
2018-09-29 09:56:57,742 INFO  [Log] =====Browser Session Started===== 
2018-09-29 09:57:09,528 INFO  [Log] =====Application Started===== 
2018-09-29 09:57:49,873 INFO  [Log] **************************************************************************************** 
2018-09-29 09:57:49,874 INFO  [Log] **************************************************************************************** 
2018-09-29 09:57:49,874 INFO  [Log] $$$$$$$$$$$$$$$$$$$$$                 Selenium_Test_001       $$$$$$$$$$$$$$$$$$$$$$$$$ 
2018-09-29 09:57:49,874 INFO  [Log] **************************************************************************************** 
2018-09-29 09:57:49,874 INFO  [Log] **************************************************************************************** 
2018-09-29 09:57:53,905 INFO  [Log] =====Browser Session Started===== 
2018-09-29 09:58:26,102 INFO  [Log] =====Browser Session Started===== 
2018-09-29 09:58:46,315 INFO  [Log] =====Application Started===== 
2018-09-29 09:59:47,249 INFO  [Log] **************************************************************************************** 
2018-09-29 09:59:47,249 INFO  [Log] **************************************************************************************** 
2018-09-29 09:59:47,249 INFO  [Log] $$$$$$$$$$$$$$$$$$$$$                 Selenium_Test_001       $$$$$$$$$$$$$$$$$$$$$$$$$ 
2018-09-29 09:59:47,249 INFO  [Log] **************************************************************************************** 
2018-09-29 09:59:47,249 INFO  [Log] **************************************************************************************** 
2018-09-29 09:59:51,267 INFO  [Log] =====Browser Session Started===== 
2018-09-29 10:03:01,492 INFO  [Log] =====Browser Session Started===== 
2018-09-29 10:03:20,650 INFO  [Log] =====Application Started===== 
2018-09-29 10:05:21,269 INFO  [Log] =====Browser Session Started===== 
2018-09-29 10:05:34,757 INFO  [Log] =====Application Started===== 
2018-09-29 10:34:34,939 INFO  [Log] =====Browser Session Started===== 
2018-09-29 10:34:59,122 INFO  [Log] =====Application Started===== 
2018-09-29 10:34:59,533 INFO  [Log] **************************************************************************************** 
2018-09-29 10:34:59,533 INFO  [Log] **************************************************************************************** 
2018-09-29 10:34:59,533 INFO  [Log] $$$$$$$$$$$$$$$$$$$$$                 Selenium_Test_001       $$$$$$$$$$$$$$$$$$$$$$$$$ 
2018-09-29 10:34:59,533 INFO  [Log] **************************************************************************************** 
2018-09-29 10:34:59,533 INFO  [Log] **************************************************************************************** 
2018-09-29 10:36:33,176 INFO  [Log] =====Browser Session Started===== 
2018-09-29 10:37:00,925 INFO  [Log] =====Application Started===== 
2018-09-29 10:37:01,204 INFO  [Log] **************************************************************************************** 
2018-09-29 10:37:01,204 INFO  [Log] **************************************************************************************** 
2018-09-29 10:37:01,204 INFO  [Log] $$$$$$$$$$$$$$$$$$$$$                 Selenium_Test_001       $$$$$$$$$$$$$$$$$$$$$$$$$ 
2018-09-29 10:37:01,204 INFO  [Log] **************************************************************************************** 
2018-09-29 10:37:01,205 INFO  [Log] **************************************************************************************** 
2018-09-29 10:37:55,782 INFO  [Log] =====Browser Session Started===== 
2018-09-29 10:38:21,582 INFO  [Log] =====Application Started===== 
2018-09-29 10:38:21,841 INFO  [Log] **************************************************************************************** 
2018-09-29 10:38:21,841 INFO  [Log] **************************************************************************************** 
2018-09-29 10:38:21,841 INFO  [Log] $$$$$$$$$$$$$$$$$$$$$                 Selenium_Test_001       $$$$$$$$$$$$$$$$$$$$$$$$$ 
2018-09-29 10:38:21,841 INFO  [Log] **************************************************************************************** 
2018-09-29 10:38:21,841 INFO  [Log] **************************************************************************************** 
2018-09-29 10:39:19,059 INFO  [Log] =====Browser Session Started===== 
2018-09-29 10:39:45,259 INFO  [Log] =====Application Started===== 
2018-09-29 10:39:45,517 INFO  [Log] **************************************************************************************** 
2018-09-29 10:39:45,517 INFO  [Log] **************************************************************************************** 
2018-09-29 10:39:45,518 INFO  [Log] $$$$$$$$$$$$$$$$$$$$$                 Selenium_Test_001       $$$$$$$$$$$$$$$$$$$$$$$$$ 
2018-09-29 10:39:45,518 INFO  [Log] **************************************************************************************** 
2018-09-29 10:39:45,518 INFO  [Log] **************************************************************************************** 
2018-09-29 10:41:02,057 INFO  [Log] =====Browser Session Started===== 
2018-09-29 10:41:28,141 INFO  [Log] =====Application Started===== 
2018-09-29 10:41:28,395 INFO  [Log] **************************************************************************************** 
2018-09-29 10:41:28,395 INFO  [Log] **************************************************************************************** 
2018-09-29 10:41:28,395 INFO  [Log] $$$$$$$$$$$$$$$$$$$$$                 Selenium_Test_001       $$$$$$$$$$$$$$$$$$$$$$$$$ 
2018-09-29 10:41:28,395 INFO  [Log] **************************************************************************************** 
2018-09-29 10:41:28,395 INFO  [Log] **************************************************************************************** 
2018-09-29 10:43:08,135 INFO  [Log] =====Browser Session Started===== 
2018-09-29 10:43:32,810 INFO  [Log] =====Application Started===== 
2018-09-29 10:43:33,150 INFO  [Log] **************************************************************************************** 
2018-09-29 10:43:33,150 INFO  [Log] **************************************************************************************** 
2018-09-29 10:43:33,150 INFO  [Log] $$$$$$$$$$$$$$$$$$$$$                 Selenium_Test_001       $$$$$$$$$$$$$$$$$$$$$$$$$ 
2018-09-29 10:43:33,150 INFO  [Log] **************************************************************************************** 
2018-09-29 10:43:33,150 INFO  [Log] **************************************************************************************** 
2018-09-29 10:48:47,561 INFO  [Log] =====Browser Session Started===== 
2018-09-29 10:49:02,598 INFO  [Log] =====Application Started===== 
2018-09-29 10:49:02,893 INFO  [Log] **************************************************************************************** 
2018-09-29 10:49:02,893 INFO  [Log] **************************************************************************************** 
2018-09-29 10:49:02,893 INFO  [Log] $$$$$$$$$$$$$$$$$$$$$                 Selenium_Test_001       $$$$$$$$$$$$$$$$$$$$$$$$$ 
2018-09-29 10:49:02,893 INFO  [Log] **************************************************************************************** 
2018-09-29 10:49:02,893 INFO  [Log] **************************************************************************************** 
2018-09-29 10:51:59,762 INFO  [Log] =====Browser Session Started===== 
2018-09-29 10:52:13,655 INFO  [Log] =====Application Started===== 
2018-09-29 10:52:13,937 INFO  [Log] **************************************************************************************** 
2018-09-29 10:52:13,937 INFO  [Log] **************************************************************************************** 
2018-09-29 10:52:13,937 INFO  [Log] $$$$$$$$$$$$$$$$$$$$$                 Selenium_Test_001       $$$$$$$$$$$$$$$$$$$$$$$$$ 
2018-09-29 10:52:13,937 INFO  [Log] **************************************************************************************** 
2018-09-29 10:52:13,937 INFO  [Log] **************************************************************************************** 
2018-09-29 10:56:56,419 INFO  [Log] =====Browser Session Started===== 
2018-09-29 10:57:11,043 INFO  [Log] =====Application Started===== 
2018-09-29 10:57:11,345 INFO  [Log] **************************************************************************************** 
2018-09-29 10:57:11,345 INFO  [Log] **************************************************************************************** 
2018-09-29 10:57:11,345 INFO  [Log] $$$$$$$$$$$$$$$$$$$$$                 Selenium_Test_001       $$$$$$$$$$$$$$$$$$$$$$$$$ 
2018-09-29 10:57:11,345 INFO  [Log] **************************************************************************************** 
2018-09-29 10:57:11,345 INFO  [Log] **************************************************************************************** 
2018-09-29 10:58:54,403 INFO  [Log] =====Browser Session Started===== 
2018-09-29 10:59:08,582 INFO  [Log] =====Application Started===== 
2018-09-29 11:04:42,463 INFO  [Log] =====Browser Session Started===== 
2018-09-29 11:04:57,242 INFO  [Log] =====Application Started===== 
2018-09-29 11:04:57,577 INFO  [Log] **************************************************************************************** 
2018-09-29 11:04:57,577 INFO  [Log] **************************************************************************************** 
2018-09-29 11:04:57,577 INFO  [Log] $$$$$$$$$$$$$$$$$$$$$                 Selenium_Test_001       $$$$$$$$$$$$$$$$$$$$$$$$$ 
2018-09-29 11:04:57,577 INFO  [Log] **************************************************************************************** 
2018-09-29 11:04:57,577 INFO  [Log] **************************************************************************************** 
2018-09-29 11:06:25,056 INFO  [Log] =====Browser Session Started===== 
2018-09-29 11:06:44,779 INFO  [Log] =====Application Started===== 
2018-09-29 11:06:45,057 INFO  [Log] **************************************************************************************** 
2018-09-29 11:06:45,057 INFO  [Log] **************************************************************************************** 
2018-09-29 11:06:45,057 INFO  [Log] $$$$$$$$$$$$$$$$$$$$$                 Selenium_Test_001       $$$$$$$$$$$$$$$$$$$$$$$$$ 
2018-09-29 11:06:45,057 INFO  [Log] **************************************************************************************** 
2018-09-29 11:06:45,057 INFO  [Log] **************************************************************************************** 
2018-09-29 11:08:30,030 INFO  [Log] =====Browser Session Started===== 
2018-09-29 11:08:44,985 INFO  [Log] =====Application Started===== 
2018-09-29 11:08:45,279 INFO  [Log] **************************************************************************************** 
2018-09-29 11:08:45,279 INFO  [Log] **************************************************************************************** 
2018-09-29 11:08:45,279 INFO  [Log] $$$$$$$$$$$$$$$$$$$$$                 Selenium_Test_001       $$$$$$$$$$$$$$$$$$$$$$$$$ 
2018-09-29 11:08:45,279 INFO  [Log] **************************************************************************************** 
2018-09-29 11:08:45,279 INFO  [Log] **************************************************************************************** 
2018-09-29 11:11:21,832 INFO  [Log] =====Browser Session Started===== 
2018-09-29 11:11:36,509 INFO  [Log] =====Application Started===== 
2018-09-29 11:11:36,760 INFO  [Log] **************************************************************************************** 
2018-09-29 11:11:36,760 INFO  [Log] **************************************************************************************** 
2018-09-29 11:11:36,760 INFO  [Log] $$$$$$$$$$$$$$$$$$$$$                 Selenium_Test_001       $$$$$$$$$$$$$$$$$$$$$$$$$ 
2018-09-29 11:11:36,760 INFO  [Log] **************************************************************************************** 
2018-09-29 11:11:36,760 INFO  [Log] **************************************************************************************** 
2018-09-29 11:12:47,608 INFO  [Log] =====Browser Session Started===== 
2018-09-29 11:13:01,806 INFO  [Log] =====Application Started===== 
2018-09-29 11:13:02,065 INFO  [Log] **************************************************************************************** 
2018-09-29 11:13:02,065 INFO  [Log] **************************************************************************************** 
2018-09-29 11:13:02,065 INFO  [Log] $$$$$$$$$$$$$$$$$$$$$                 Selenium_Test_001       $$$$$$$$$$$$$$$$$$$$$$$$$ 
2018-09-29 11:13:02,065 INFO  [Log] **************************************************************************************** 
2018-09-29 11:13:02,065 INFO  [Log] **************************************************************************************** 
2018-09-29 11:18:15,296 INFO  [Log] =====Browser Session Started===== 
2018-09-29 11:20:14,976 INFO  [Log] =====Application Started===== 
2018-09-29 11:20:15,331 INFO  [Log] **************************************************************************************** 
2018-09-29 11:20:15,331 INFO  [Log] **************************************************************************************** 
2018-09-29 11:20:15,331 INFO  [Log] $$$$$$$$$$$$$$$$$$$$$                 Selenium_Test_001       $$$$$$$$$$$$$$$$$$$$$$$$$ 
2018-09-29 11:20:15,331 INFO  [Log] **************************************************************************************** 
2018-09-29 11:20:15,331 INFO  [Log] **************************************************************************************** 
2018-09-29 11:29:09,114 INFO  [Log] =====Browser Session Started===== 
2018-09-29 11:33:40,716 INFO  [Log] =====Application Started===== 
2018-09-29 11:33:40,984 INFO  [Log] **************************************************************************************** 
2018-09-29 11:33:40,984 INFO  [Log] **************************************************************************************** 
2018-09-29 11:33:40,984 INFO  [Log] $$$$$$$$$$$$$$$$$$$$$                 Selenium_Test_001       $$$$$$$$$$$$$$$$$$$$$$$$$ 
2018-09-29 11:33:40,984 INFO  [Log] **************************************************************************************** 
2018-09-29 11:33:40,984 INFO  [Log] **************************************************************************************** 
2018-09-29 11:34:18,699 INFO  [Log] =====Browser Session Started===== 
2018-09-29 11:36:10,067 INFO  [Log] =====Application Started===== 
2018-09-29 11:41:56,625 INFO  [Log] =====Browser Session Started===== 
2018-09-29 11:50:35,425 INFO  [Log] =====Browser Session Started===== 
2018-09-29 11:51:36,920 INFO  [Log] =====Application Started===== 
2018-09-29 11:51:37,227 INFO  [Log] **************************************************************************************** 
2018-09-29 11:51:37,227 INFO  [Log] **************************************************************************************** 
2018-09-29 11:51:37,227 INFO  [Log] $$$$$$$$$$$$$$$$$$$$$                 Selenium_Test_001       $$$$$$$$$$$$$$$$$$$$$$$$$ 
2018-09-29 11:51:37,227 INFO  [Log] **************************************************************************************** 
2018-09-29 11:51:37,227 INFO  [Log] **************************************************************************************** 
2018-09-29 11:51:56,052 INFO  [Log] =====Browser Session Started===== 
2018-09-29 11:52:41,409 INFO  [Log] =====Application Started===== 
2018-09-29 12:01:26,143 INFO  [Log] =====Browser Session Started===== 
2018-09-29 12:04:52,601 INFO  [Log] =====Application Started===== 
2018-09-29 12:04:52,888 INFO  [Log] **************************************************************************************** 
2018-09-29 12:04:52,888 INFO  [Log] **************************************************************************************** 
2018-09-29 12:04:52,888 INFO  [Log] $$$$$$$$$$$$$$$$$$$$$                 Selenium_Test_001       $$$$$$$$$$$$$$$$$$$$$$$$$ 
2018-09-29 12:04:52,888 INFO  [Log] **************************************************************************************** 
2018-09-29 12:04:52,888 INFO  [Log] **************************************************************************************** 
2018-09-29 12:05:34,022 INFO  [Log] =====Browser Session Started===== 
2018-09-29 12:07:23,975 INFO  [Log] =====Browser Session Started===== 
2018-09-29 12:08:03,341 INFO  [Log] =====Application Started===== 
2018-09-29 12:08:03,617 INFO  [Log] **************************************************************************************** 
2018-09-29 12:08:03,618 INFO  [Log] **************************************************************************************** 
2018-09-29 12:08:03,618 INFO  [Log] $$$$$$$$$$$$$$$$$$$$$                 Selenium_Test_001       $$$$$$$$$$$$$$$$$$$$$$$$$ 
2018-09-29 12:08:03,618 INFO  [Log] **************************************************************************************** 
2018-09-29 12:08:03,618 INFO  [Log] **************************************************************************************** 
2018-09-29 12:08:23,744 INFO  [Log] =====Browser Session Started===== 
2018-09-29 12:13:29,943 INFO  [Log] =====Browser Session Started===== 
2018-09-29 12:15:30,941 INFO  [Log] =====Browser Session Started===== 
2018-09-29 12:15:51,417 INFO  [Log] =====Application Started===== 
2018-09-29 12:15:51,708 INFO  [Log] **************************************************************************************** 
2018-09-29 12:15:51,708 INFO  [Log] **************************************************************************************** 
2018-09-29 12:15:51,708 INFO  [Log] $$$$$$$$$$$$$$$$$$$$$                 Selenium_Test_001       $$$$$$$$$$$$$$$$$$$$$$$$$ 
2018-09-29 12:15:51,708 INFO  [Log] **************************************************************************************** 
2018-09-29 12:15:51,708 INFO  [Log] **************************************************************************************** 
2018-09-29 12:16:11,833 INFO  [Log] =====Browser Session Started===== 
2018-09-29 12:30:07,039 INFO  [Log] =====Browser Session Started===== 
2018-09-29 12:30:21,021 INFO  [Log] =====Application Started===== 
2018-09-29 12:30:21,326 INFO  [Log] **************************************************************************************** 
2018-09-29 12:30:21,326 INFO  [Log] **************************************************************************************** 
2018-09-29 12:30:21,326 INFO  [Log] $$$$$$$$$$$$$$$$$$$$$                 Selenium_Test_001       $$$$$$$$$$$$$$$$$$$$$$$$$ 
2018-09-29 12:30:21,326 INFO  [Log] **************************************************************************************** 
2018-09-29 12:30:21,327 INFO  [Log] **************************************************************************************** 
2018-09-29 12:31:28,989 INFO  [Log] =====Browser Session Started===== 
2018-09-29 12:31:42,906 INFO  [Log] =====Application Started===== 
2018-09-29 12:31:43,176 INFO  [Log] **************************************************************************************** 
2018-09-29 12:31:43,176 INFO  [Log] **************************************************************************************** 
2018-09-29 12:31:43,176 INFO  [Log] $$$$$$$$$$$$$$$$$$$$$                 Selenium_Test_001       $$$$$$$$$$$$$$$$$$$$$$$$$ 
2018-09-29 12:31:43,176 INFO  [Log] **************************************************************************************** 
2018-09-29 12:31:43,176 INFO  [Log] **************************************************************************************** 
2018-09-29 12:32:20,446 INFO  [Log] =====Browser Session Started===== 
2018-09-29 12:32:33,695 INFO  [Log] =====Application Started===== 
2018-09-29 12:33:46,415 INFO  [Log] =====Browser Session Started===== 
2018-09-29 12:34:00,420 INFO  [Log] =====Application Started===== 
2018-09-29 12:34:51,032 INFO  [Log] =====Browser Session Started===== 
2018-09-29 12:35:04,122 INFO  [Log] =====Application Started===== 
2018-09-29 12:36:08,940 INFO  [Log] =====Browser Session Started===== 
2018-09-29 12:36:29,086 INFO  [Log] =====Application Started===== 
2018-09-29 12:37:01,456 INFO  [Log] =====Browser Session Started===== 
2018-09-29 12:37:06,244 INFO  [Log] =====Application Started===== 
2018-09-29 12:37:39,223 INFO  [Log] =====Browser Session Started===== 
2018-09-29 12:41:01,702 INFO  [Log] =====Browser Session Started===== 
2018-09-29 12:41:18,592 INFO  [Log] =====Application Started===== 
2018-09-29 12:43:44,794 INFO  [Log] =====Browser Session Started===== 
2018-09-29 12:43:57,893 INFO  [Log] =====Application Started===== 
2018-09-29 12:46:38,486 INFO  [Log] =====Browser Session Started===== 
2018-09-29 12:46:51,079 INFO  [Log] =====Application Started===== 
2018-09-29 12:48:18,023 INFO  [Log] =====Browser Session Started===== 
2018-09-29 12:48:29,705 INFO  [Log] =====Application Started===== 
2018-09-29 12:50:57,133 INFO  [Log] =====Browser Session Started===== 
2018-09-29 12:51:12,623 INFO  [Log] =====Application Started===== 
2018-09-29 12:52:49,745 INFO  [Log] =====Browser Session Started===== 
2018-09-29 12:53:01,685 INFO  [Log] =====Application Started===== 
2018-09-29 12:54:25,292 INFO  [Log] =====Browser Session Started===== 
2018-09-29 12:54:42,840 INFO  [Log] =====Application Started===== 
2018-09-29 13:01:03,920 INFO  [Log] =====Browser Session Started===== 
2018-09-29 13:01:17,592 INFO  [Log] =====Application Started===== 
2018-09-29 13:02:10,266 INFO  [Log] =====Browser Session Started===== 
2018-09-29 13:02:30,366 INFO  [Log] =====Application Started===== 
2018-09-29 13:04:39,482 INFO  [Log] =====Browser Session Started===== 
2018-09-29 13:04:54,170 INFO  [Log] =====Application Started===== 
2018-09-29 13:06:47,538 INFO  [Log] =====Browser Session Started===== 
2018-09-29 13:07:03,088 INFO  [Log] =====Application Started===== 
2018-09-29 13:08:55,807 INFO  [Log] =====Browser Session Started===== 
2018-09-29 13:09:11,482 INFO  [Log] =====Application Started===== 
2018-09-29 13:12:19,663 INFO  [Log] =====Browser Session Started===== 
2018-09-29 13:12:38,846 INFO  [Log] =====Application Started===== 
2018-09-29 13:14:19,146 INFO  [Log] =====Browser Session Started===== 
2018-09-29 13:14:31,800 INFO  [Log] =====Application Started===== 
2018-09-29 13:16:58,386 INFO  [Log] =====Browser Session Started===== 
2018-09-29 13:17:12,276 INFO  [Log] =====Application Started===== 
2018-09-29 13:19:27,982 INFO  [Log] =====Browser Session Started===== 
2018-09-29 13:19:41,874 INFO  [Log] =====Application Started===== 
2018-09-29 13:21:31,218 INFO  [Log] =====Browser Session Started===== 
2018-09-29 13:21:44,142 INFO  [Log] =====Application Started===== 
2018-09-29 13:22:52,245 INFO  [Log] =====Browser Session Started===== 
2018-09-29 13:23:03,969 INFO  [Log] =====Application Started===== 
2018-09-29 13:23:55,165 INFO  [Log] =====Browser Session Started===== 
2018-09-29 13:24:09,457 INFO  [Log] =====Application Started===== 
2018-09-29 13:25:50,559 INFO  [Log] =====Browser Session Started===== 
2018-09-29 13:26:06,780 INFO  [Log] =====Application Started===== 
2018-09-29 13:30:06,572 INFO  [Log] =====Browser Session Started===== 
2018-09-29 13:30:25,361 INFO  [Log] =====Application Started===== 
2018-09-29 13:44:08,828 INFO  [Log] =====Browser Session Started===== 
2018-09-29 13:44:21,502 INFO  [Log] =====Application Started===== 
2018-09-29 14:09:45,743 INFO  [Log] =====Browser Session Started===== 
2018-09-29 14:09:58,176 INFO  [Log] =====Application Started===== 
2018-09-29 14:19:10,783 INFO  [Log] =====Browser Session Started===== 
2018-09-29 14:19:23,546 INFO  [Log] =====Application Started===== 
2018-09-29 14:25:15,604 INFO  [Log] =====Browser Session Started===== 
2018-09-29 14:25:28,287 INFO  [Log] =====Application Started===== 
2018-09-29 14:35:10,643 INFO  [Log] =====Browser Session Started===== 
2018-09-29 14:35:29,240 INFO  [Log] =====Application Started===== 
2018-09-29 15:29:44,470 INFO  [Log] =====Browser Session Started===== 
2018-09-29 15:29:59,110 INFO  [Log] =====Application Started===== 
2018-09-29 15:31:04,916 INFO  [Log] =====Browser Session Started===== 
2018-09-29 15:31:49,599 INFO  [Log] =====Application Started===== 
2018-09-29 15:35:05,018 INFO  [Log] =====Browser Session Started===== 
2018-09-29 15:35:19,648 INFO  [Log] =====Application Started===== 
2018-09-29 15:37:48,289 INFO  [Log] =====Browser Session Started===== 
2018-09-29 15:38:00,494 INFO  [Log] =====Application Started===== 
2018-09-29 15:45:28,351 INFO  [Log] =====Browser Session Started===== 
2018-09-29 15:45:44,268 INFO  [Log] =====Application Started===== 
2018-09-29 15:53:15,703 INFO  [Log] =====Browser Session Started===== 
2018-09-29 15:53:27,640 INFO  [Log] =====Application Started===== 
2018-09-29 15:58:09,743 INFO  [Log] =====Browser Session Started===== 
2018-09-29 15:58:30,798 INFO  [Log] =====Application Started===== 
2018-09-29 16:00:56,847 INFO  [Log] =====Browser Session Started===== 
2018-09-29 16:01:12,229 INFO  [Log] =====Application Started===== 
2018-09-29 16:03:56,127 INFO  [Log] =====Browser Session Started===== 
2018-09-29 16:04:13,675 INFO  [Log] =====Application Started===== 
2018-09-29 16:06:37,135 INFO  [Log] =====Browser Session Started===== 
2018-09-29 16:07:00,690 INFO  [Log] =====Application Started===== 
2018-09-29 16:11:13,247 INFO  [Log] =====Browser Session Started===== 
2018-09-29 16:11:32,155 INFO  [Log] =====Application Started===== 
2018-09-29 16:19:47,190 INFO  [Log] =====Browser Session Started===== 
2018-09-29 16:20:02,323 INFO  [Log] =====Application Started===== 
2018-09-29 16:22:25,998 INFO  [Log] =====Browser Session Started===== 
2018-09-29 16:22:43,510 INFO  [Log] =====Application Started===== 
2018-09-29 16:26:44,887 INFO  [Log] =====Browser Session Started===== 
2018-09-29 16:27:02,281 INFO  [Log] =====Application Started===== 
2018-09-29 16:29:28,930 INFO  [Log] =====Browser Session Started===== 
2018-09-29 16:29:43,867 INFO  [Log] =====Application Started===== 
2018-09-29 16:32:12,967 INFO  [Log] =====Browser Session Started===== 
2018-09-29 16:32:26,793 INFO  [Log] =====Application Started===== 
2018-09-29 16:35:04,755 INFO  [Log] =====Browser Session Started===== 
2018-09-29 16:35:16,303 INFO  [Log] =====Application Started===== 
2018-09-29 18:19:45,939 INFO  [Log] =====Browser Session Started===== 
2018-09-29 18:19:58,731 INFO  [Log] =====Application Started===== 
2018-09-29 18:21:59,847 INFO  [Log] =====Browser Session Started===== 
2018-09-29 18:22:18,602 INFO  [Log] =====Application Started===== 
2018-09-29 18:30:20,130 INFO  [Log] =====Browser Session Started===== 
2018-09-29 18:30:34,408 INFO  [Log] =====Application Started===== 
2018-09-29 18:37:36,993 INFO  [Log] =====Browser Session Started===== 
2018-09-29 18:37:52,269 INFO  [Log] =====Application Started===== 
2018-09-29 18:39:42,026 INFO  [Log] =====Browser Session Started===== 
2018-09-29 18:39:55,673 INFO  [Log] =====Application Started===== 
2018-09-29 18:41:05,254 INFO  [Log] =====Browser Session Started===== 
2018-09-29 18:41:17,571 INFO  [Log] =====Application Started===== 
2018-09-29 18:42:01,197 INFO  [Log] =====Browser Session Started===== 
2018-09-29 18:42:17,189 INFO  [Log] =====Application Started===== 
2018-09-29 18:44:00,566 INFO  [Log] =====Browser Session Started===== 
2018-09-29 18:44:13,428 INFO  [Log] =====Application Started===== 
2018-09-29 18:45:57,182 INFO  [Log] =====Browser Session Started===== 
2018-09-29 18:46:17,574 INFO  [Log] =====Application Started===== 
2018-09-29 18:48:19,508 INFO  [Log] =====Browser Session Started===== 
2018-09-29 18:48:37,686 INFO  [Log] =====Application Started===== 
2018-09-29 18:49:54,882 INFO  [Log] =====Browser Session Started===== 
2018-09-29 18:50:09,685 INFO  [Log] =====Application Started===== 
2018-09-29 18:50:47,349 INFO  [Log] =====Browser Session Started===== 
2018-09-29 18:51:03,531 INFO  [Log] =====Application Started===== 
2018-09-29 18:51:39,262 INFO  [Log] =====Browser Session Started===== 
2018-09-29 18:51:55,548 INFO  [Log] =====Application Started===== 
2018-09-29 18:52:56,480 INFO  [Log] =====Browser Session Started===== 
2018-09-29 18:53:11,328 INFO  [Log] =====Application Started===== 
2018-09-29 18:54:52,136 INFO  [Log] =====Browser Session Started===== 
2018-09-29 18:55:07,083 INFO  [Log] =====Application Started===== 
2018-09-29 18:57:27,783 INFO  [Log] =====Browser Session Started===== 
2018-09-29 18:57:44,844 INFO  [Log] =====Application Started===== 
2018-09-29 19:01:25,786 INFO  [Log] =====Browser Session Started===== 
2018-09-29 19:01:41,506 INFO  [Log] =====Application Started===== 
2018-09-29 19:02:27,485 INFO  [Log] =====Browser Session Started===== 
2018-09-29 19:02:41,487 INFO  [Log] =====Application Started===== 
2018-09-29 19:03:45,363 INFO  [Log] =====Browser Session Started===== 
2018-09-29 19:04:01,159 INFO  [Log] =====Application Started===== 
2018-09-29 19:05:02,677 INFO  [Log] =====Browser Session Started===== 
2018-09-29 19:05:17,958 INFO  [Log] =====Application Started===== 
2018-09-29 19:06:19,397 INFO  [Log] =====Browser Session Started===== 
2018-09-29 19:06:38,240 INFO  [Log] =====Application Started===== 
2018-09-29 20:05:15,653 INFO  [Log] =====Browser Session Started===== 
2018-09-29 20:05:39,887 INFO  [Log] =====Application Started===== 
2018-09-29 20:07:05,237 INFO  [Log] =====Browser Session Started===== 
2018-09-29 20:07:22,661 INFO  [Log] =====Application Started===== 
2018-09-29 20:09:50,837 INFO  [Log] =====Browser Session Started===== 
2018-09-29 20:10:12,275 INFO  [Log] =====Application Started===== 
2018-09-29 20:11:02,725 INFO  [Log] =====Browser Session Started===== 
2018-09-29 20:11:18,801 INFO  [Log] =====Application Started===== 
2018-09-29 20:15:54,735 INFO  [Log] =====Browser Session Started===== 
2018-09-29 20:16:08,392 INFO  [Log] =====Application Started===== 
2018-09-29 20:17:08,388 INFO  [Log] =====Browser Session Started===== 
2018-09-29 20:17:28,056 INFO  [Log] =====Application Started===== 
2018-09-29 20:19:58,911 INFO  [Log] =====Browser Session Started===== 
2018-09-29 20:20:13,644 INFO  [Log] =====Application Started===== 
2018-09-29 20:21:24,266 INFO  [Log] =====Browser Session Started===== 
2018-09-29 20:21:43,139 INFO  [Log] =====Application Started===== 
2018-09-29 20:23:31,427 INFO  [Log] =====Browser Session Started===== 
2018-09-29 20:23:51,459 INFO  [Log] =====Application Started===== 
2018-09-29 20:24:45,969 INFO  [Log] =====Browser Session Started===== 
2018-09-29 20:24:58,326 INFO  [Log] =====Application Started===== 
2018-09-29 20:30:01,016 INFO  [Log] =====Browser Session Started===== 
2018-09-29 20:30:17,592 INFO  [Log] =====Application Started===== 
2018-09-29 20:32:45,685 INFO  [Log] =====Browser Session Started===== 
2018-09-29 20:33:03,535 INFO  [Log] =====Application Started===== 
2018-09-29 20:35:38,245 INFO  [Log] =====Browser Session Started===== 
2018-09-29 20:35:54,743 INFO  [Log] =====Application Started===== 
2018-09-29 20:38:44,191 INFO  [Log] =====Browser Session Started===== 
2018-09-29 20:39:21,835 INFO  [Log] =====Browser Session Started===== 
2018-09-29 20:39:38,135 INFO  [Log] =====Application Started===== 
2018-09-29 20:52:30,162 INFO  [Log] =====Browser Session Started===== 
2018-09-29 20:52:50,839 INFO  [Log] =====Application Started===== 
2018-09-29 20:53:47,934 INFO  [Log] =====Browser Session Started===== 
2018-09-29 20:54:03,538 INFO  [Log] =====Application Started===== 
2018-09-29 20:58:42,491 INFO  [Log] =====Browser Session Started===== 
2018-09-29 20:59:03,636 INFO  [Log] =====Application Started===== 
2018-09-29 21:00:12,705 INFO  [Log] =====Browser Session Started===== 
2018-09-29 21:00:32,209 INFO  [Log] =====Application Started===== 
2018-09-29 21:05:08,799 INFO  [Log] =====Browser Session Started===== 
2018-09-29 21:05:21,714 INFO  [Log] =====Application Started===== 
2018-09-29 21:06:48,905 INFO  [Log] =====Browser Session Started===== 
2018-09-29 21:07:08,939 INFO  [Log] =====Application Started===== 
2018-09-29 21:08:35,310 INFO  [Log] =====Browser Session Started===== 
2018-09-29 21:08:57,471 INFO  [Log] =====Application Started===== 
2018-09-29 21:09:49,927 INFO  [Log] =====Browser Session Started===== 
2018-09-29 21:10:08,232 INFO  [Log] =====Application Started===== 
2018-09-29 21:10:08,508 INFO  [Log] **************************************************************************************** 
2018-09-29 21:10:08,508 INFO  [Log] **************************************************************************************** 
2018-09-29 21:10:08,508 INFO  [Log] $$$$$$$$$$$$$$$$$$$$$                 Selenium_Test_001       $$$$$$$$$$$$$$$$$$$$$$$$$ 
2018-09-29 21:10:08,509 INFO  [Log] **************************************************************************************** 
2018-09-29 21:10:08,509 INFO  [Log] **************************************************************************************** 
2018-09-29 21:10:14,569 INFO  [Log] =====Browser Session Started===== 
2018-09-29 21:10:34,243 INFO  [Log] =====Application Started===== 
2018-09-29 21:11:02,596 INFO  [Log] =====Browser Session Started===== 
2018-09-29 21:11:18,707 INFO  [Log] =====Application Started===== 
2018-09-29 21:13:13,089 INFO  [Log] =====Browser Session Started===== 
2018-09-29 21:13:27,194 INFO  [Log] =====Application Started===== 
2018-09-29 21:13:37,814 INFO  [Log] =====Browser Session Started===== 
2018-09-29 21:13:52,508 INFO  [Log] =====Application Started===== 
2018-09-29 21:42:53,707 INFO  [Log] =====Browser Session Started===== 
2018-09-29 21:43:11,435 INFO  [Log] =====Application Started===== 
2018-09-29 21:43:11,726 INFO  [Log] **************************************************************************************** 
2018-09-29 21:43:11,726 INFO  [Log] **************************************************************************************** 
2018-09-29 21:43:11,726 INFO  [Log] $$$$$$$$$$$$$$$$$$$$$                 Selenium_Test_001       $$$$$$$$$$$$$$$$$$$$$$$$$ 
2018-09-29 21:43:11,726 INFO  [Log] **************************************************************************************** 
2018-09-29 21:43:11,726 INFO  [Log] **************************************************************************************** 
2018-09-29 21:48:49,677 INFO  [Log] =====Browser Session Started===== 
2018-09-29 21:49:10,755 INFO  [Log] =====Application Started===== 
2018-09-29 21:50:42,994 INFO  [Log] =====Browser Session Started===== 
2018-09-29 21:51:00,798 INFO  [Log] =====Application Started===== 
2018-09-29 21:51:21,119 INFO  [Log] **************************************************************************************** 
2018-09-29 21:51:21,119 INFO  [Log] **************************************************************************************** 
2018-09-29 21:51:21,119 INFO  [Log] $$$$$$$$$$$$$$$$$$$$$                 Selenium_Test_001       $$$$$$$$$$$$$$$$$$$$$$$$$ 
2018-09-29 21:51:21,119 INFO  [Log] **************************************************************************************** 
2018-09-29 21:51:21,119 INFO  [Log] **************************************************************************************** 
2018-09-29 21:53:41,790 INFO  [Log] =====Browser Session Started===== 
2018-09-29 21:53:57,158 INFO  [Log] =====Application Started===== 
2018-09-29 21:54:17,463 INFO  [Log] **************************************************************************************** 
2018-09-29 21:54:17,463 INFO  [Log] **************************************************************************************** 
2018-09-29 21:54:17,463 INFO  [Log] $$$$$$$$$$$$$$$$$$$$$                 Selenium_Test_001       $$$$$$$$$$$$$$$$$$$$$$$$$ 
2018-09-29 21:54:17,463 INFO  [Log] **************************************************************************************** 
2018-09-29 21:54:17,463 INFO  [Log] **************************************************************************************** 
2018-09-29 21:54:23,503 INFO  [Log] =====Browser Session Started===== 
2018-09-29 21:54:35,565 INFO  [Log] =====Application Started===== 
2018-09-29 22:06:18,964 INFO  [Log] =====Browser Session Started===== 
2018-09-29 22:06:34,042 INFO  [Log] =====Application Started===== 
2018-09-29 22:06:54,353 INFO  [Log] **************************************************************************************** 
2018-09-29 22:06:54,353 INFO  [Log] **************************************************************************************** 
2018-09-29 22:06:54,353 INFO  [Log] $$$$$$$$$$$$$$$$$$$$$                 Selenium_Test_001       $$$$$$$$$$$$$$$$$$$$$$$$$ 
2018-09-29 22:06:54,353 INFO  [Log] **************************************************************************************** 
2018-09-29 22:06:54,353 INFO  [Log] **************************************************************************************** 
2018-09-29 22:07:00,642 INFO  [Log] **************************************************************************************** 
2018-09-29 22:07:00,642 INFO  [Log] **************************************************************************************** 
2018-09-29 22:07:00,642 INFO  [Log] $$$$$$$$$$$$$$$$$$$$$                 Selenium_Test_002       $$$$$$$$$$$$$$$$$$$$$$$$$ 
2018-09-29 22:07:00,642 INFO  [Log] **************************************************************************************** 
2018-09-29 22:07:00,642 INFO  [Log] **************************************************************************************** 
2018-09-29 22:07:41,364 INFO  [Log] =====Browser Session Started===== 
2018-09-29 22:07:53,866 INFO  [Log] =====Application Started===== 
2018-09-29 22:09:05,619 INFO  [Log] =====Browser Session Started===== 
2018-09-29 22:09:18,560 INFO  [Log] =====Application Started===== 
2018-09-29 22:09:38,889 INFO  [Log] **************************************************************************************** 
2018-09-29 22:09:38,889 INFO  [Log] **************************************************************************************** 
2018-09-29 22:09:38,889 INFO  [Log] $$$$$$$$$$$$$$$$$$$$$                 Selenium_Test_001       $$$$$$$$$$$$$$$$$$$$$$$$$ 
2018-09-29 22:09:38,889 INFO  [Log] **************************************************************************************** 
2018-09-29 22:09:38,889 INFO  [Log] **************************************************************************************** 
2018-09-29 22:09:45,307 INFO  [Log] **************************************************************************************** 
2018-09-29 22:09:45,307 INFO  [Log] **************************************************************************************** 
2018-09-29 22:09:45,307 INFO  [Log] $$$$$$$$$$$$$$$$$$$$$                 Selenium_Test_002       $$$$$$$$$$$$$$$$$$$$$$$$$ 
2018-09-29 22:09:45,307 INFO  [Log] **************************************************************************************** 
2018-09-29 22:09:45,307 INFO  [Log] **************************************************************************************** 
2018-09-29 22:11:19,346 INFO  [Log] =====Browser Session Started===== 
2018-09-29 22:11:34,756 INFO  [Log] =====Application Started===== 
2018-09-29 22:11:55,085 INFO  [Log] **************************************************************************************** 
2018-09-29 22:11:55,085 INFO  [Log] **************************************************************************************** 
2018-09-29 22:11:55,086 INFO  [Log] $$$$$$$$$$$$$$$$$$$$$                 Selenium_Test_001       $$$$$$$$$$$$$$$$$$$$$$$$$ 
2018-09-29 22:11:55,086 INFO  [Log] **************************************************************************************** 
2018-09-29 22:11:55,086 INFO  [Log] **************************************************************************************** 
2018-09-29 22:12:01,786 INFO  [Log] **************************************************************************************** 
2018-09-29 22:12:01,787 INFO  [Log] **************************************************************************************** 
2018-09-29 22:12:01,787 INFO  [Log] $$$$$$$$$$$$$$$$$$$$$                 Selenium_Test_002       $$$$$$$$$$$$$$$$$$$$$$$$$ 
2018-09-29 22:12:01,787 INFO  [Log] **************************************************************************************** 
2018-09-29 22:12:01,787 INFO  [Log] **************************************************************************************** 
2018-09-29 22:16:51,240 INFO  [Log] =====Browser Session Started===== 
2018-09-29 22:17:12,067 INFO  [Log] =====Application Started===== 
2018-09-29 22:17:32,395 INFO  [Log] **************************************************************************************** 
2018-09-29 22:17:32,395 INFO  [Log] **************************************************************************************** 
2018-09-29 22:17:32,395 INFO  [Log] $$$$$$$$$$$$$$$$$$$$$                 Selenium_Test_001       $$$$$$$$$$$$$$$$$$$$$$$$$ 
2018-09-29 22:17:32,395 INFO  [Log] **************************************************************************************** 
2018-09-29 22:17:32,395 INFO  [Log] **************************************************************************************** 
2018-09-29 22:17:38,466 INFO  [Log] **************************************************************************************** 
2018-09-29 22:17:38,466 INFO  [Log] **************************************************************************************** 
2018-09-29 22:17:38,466 INFO  [Log] $$$$$$$$$$$$$$$$$$$$$                 Selenium_Test_002       $$$$$$$$$$$$$$$$$$$$$$$$$ 
2018-09-29 22:17:38,466 INFO  [Log] **************************************************************************************** 
2018-09-29 22:17:38,466 INFO  [Log] **************************************************************************************** 
2018-09-29 22:20:48,580 INFO  [Log] =====Browser Session Started===== 
2018-09-29 22:21:02,547 INFO  [Log] =====Application Started===== 
2018-09-29 22:21:22,873 INFO  [Log] **************************************************************************************** 
2018-09-29 22:21:22,873 INFO  [Log] **************************************************************************************** 
2018-09-29 22:21:22,873 INFO  [Log] $$$$$$$$$$$$$$$$$$$$$                 Selenium_Test_001       $$$$$$$$$$$$$$$$$$$$$$$$$ 
2018-09-29 22:21:22,873 INFO  [Log] **************************************************************************************** 
2018-09-29 22:21:22,873 INFO  [Log] **************************************************************************************** 
2018-09-29 22:21:29,184 INFO  [Log] **************************************************************************************** 
2018-09-29 22:21:29,184 INFO  [Log] **************************************************************************************** 
2018-09-29 22:21:29,184 INFO  [Log] $$$$$$$$$$$$$$$$$$$$$                 Selenium_Test_002       $$$$$$$$$$$$$$$$$$$$$$$$$ 
2018-09-29 22:21:29,185 INFO  [Log] **************************************************************************************** 
2018-09-29 22:21:29,185 INFO  [Log] **************************************************************************************** 
2018-09-29 22:22:58,627 INFO  [Log] =====Browser Session Started===== 
2018-09-29 22:23:13,758 INFO  [Log] =====Application Started===== 
2018-09-29 22:25:26,221 INFO  [Log] =====Browser Session Started===== 
2018-09-29 22:25:43,003 INFO  [Log] =====Application Started===== 
2018-09-29 22:26:24,685 INFO  [Log] =====Browser Session Started===== 
2018-09-29 22:26:38,983 INFO  [Log] =====Application Started===== 
2018-09-29 22:28:46,925 INFO  [Log] =====Browser Session Started===== 
2018-09-29 22:29:11,937 INFO  [Log] =====Application Started===== 
2018-09-29 22:40:00,745 INFO  [Log] =====Browser Session Started===== 
2018-09-29 22:40:14,977 INFO  [Log] =====Application Started===== 
2018-09-29 22:48:59,475 INFO  [Log] =====Browser Session Started===== 
2018-09-29 22:49:18,606 INFO  [Log] =====Application Started===== 
2018-09-29 22:55:13,308 INFO  [Log] =====Browser Session Started===== 
2018-09-29 22:55:30,331 INFO  [Log] =====Application Started===== 
2018-09-29 23:19:24,891 INFO  [Log] =====Browser Session Started===== 
2018-09-29 23:19:37,963 INFO  [Log] =====Application Started===== 
2018-09-29 23:21:29,520 INFO  [Log] =====Browser Session Started===== 
2018-09-29 23:21:43,612 INFO  [Log] =====Application Started===== 
2018-09-29 23:30:13,421 INFO  [Log] =====Browser Session Started===== 
2018-09-29 23:30:27,825 INFO  [Log] =====Application Started===== 
2018-09-29 23:33:29,924 INFO  [Log] =====Browser Session Started===== 
2018-09-29 23:33:42,460 INFO  [Log] =====Application Started===== 
2018-09-29 23:44:36,958 INFO  [Log] =====Browser Session Started===== 
2018-09-29 23:44:52,860 INFO  [Log] =====Application Started===== 
2018-09-29 23:56:20,655 INFO  [Log] =====Browser Session Started===== 
2018-09-29 23:56:35,835 INFO  [Log] =====Application Started===== 
2018-09-29 23:57:25,356 INFO  [Log] =====Browser Session Started===== 
2018-09-29 23:57:37,192 INFO  [Log] =====Application Started===== 
2018-09-29 23:59:24,664 INFO  [Log] =====Browser Session Started===== 
2018-09-29 23:59:42,312 INFO  [Log] =====Application Started===== 
2018-09-30 00:01:57,892 INFO  [Log] =====Browser Session Started===== 
2018-09-30 00:02:11,231 INFO  [Log] =====Application Started===== 
2018-09-30 00:03:40,568 INFO  [Log] =====Browser Session Started===== 
2018-09-30 00:03:58,845 INFO  [Log] =====Application Started===== 
2018-09-30 00:06:33,494 INFO  [Log] =====Browser Session Started===== 
2018-09-30 00:06:46,044 INFO  [Log] =====Application Started===== 
2018-09-30 00:07:22,641 INFO  [Log] =====Browser Session Started===== 
2018-09-30 00:07:35,349 INFO  [Log] =====Application Started===== 
2018-09-30 00:12:10,214 INFO  [Log] =====Browser Session Started===== 
2018-09-30 00:12:30,723 INFO  [Log] =====Application Started===== 
2018-09-30 00:20:52,985 INFO  [Log] =====Browser Session Started===== 
2018-09-30 00:21:09,581 INFO  [Log] =====Application Started===== 
2018-09-30 00:30:14,161 INFO  [Log] =====Browser Session Started===== 
2018-09-30 00:30:27,939 INFO  [Log] =====Application Started===== 
2018-09-30 00:32:06,299 INFO  [Log] =====Browser Session Started===== 
2018-09-30 00:32:26,757 INFO  [Log] =====Application Started===== 
2018-09-30 00:34:40,115 INFO  [Log] =====Browser Session Started===== 
2018-09-30 00:34:52,196 INFO  [Log] =====Application Started===== 
2018-09-30 00:35:12,520 INFO  [Log] **************************************************************************************** 
2018-09-30 00:35:12,520 INFO  [Log] **************************************************************************************** 
2018-09-30 00:35:12,520 INFO  [Log] $$$$$$$$$$$$$$$$$$$$$                 Selenium_Test_001       $$$$$$$$$$$$$$$$$$$$$$$$$ 
2018-09-30 00:35:12,520 INFO  [Log] **************************************************************************************** 
2018-09-30 00:35:12,520 INFO  [Log] **************************************************************************************** 
2018-09-30 00:35:18,775 INFO  [Log] **************************************************************************************** 
2018-09-30 00:35:18,776 INFO  [Log] **************************************************************************************** 
2018-09-30 00:35:18,776 INFO  [Log] $$$$$$$$$$$$$$$$$$$$$                 Selenium_Test_002       $$$$$$$$$$$$$$$$$$$$$$$$$ 
2018-09-30 00:35:18,776 INFO  [Log] **************************************************************************************** 
2018-09-30 00:35:18,776 INFO  [Log] **************************************************************************************** 
2018-09-30 00:35:39,427 INFO  [Log] =====Browser Session Started===== 
2018-09-30 00:35:57,916 INFO  [Log] =====Application Started===== 
2018-09-30 00:36:26,464 INFO  [Log] =====Browser Session Started===== 
2018-09-30 00:36:39,593 INFO  [Log] =====Application Started===== 
2018-09-30 00:38:18,285 INFO  [Log] =====Browser Session Started===== 
2018-09-30 00:38:41,548 INFO  [Log] =====Application Started===== 
2018-09-30 00:38:52,419 INFO  [Log] =====Browser Session Started===== 
2018-09-30 00:39:07,474 INFO  [Log] =====Application Started===== 
2018-09-30 00:43:36,368 INFO  [Log] =====Browser Session Started===== 
2018-09-30 00:43:48,657 INFO  [Log] =====Application Started===== 
2018-09-30 00:44:08,996 INFO  [Log] **************************************************************************************** 
2018-09-30 00:44:08,996 INFO  [Log] **************************************************************************************** 
2018-09-30 00:44:08,996 INFO  [Log] $$$$$$$$$$$$$$$$$$$$$                 Selenium_Test_001       $$$$$$$$$$$$$$$$$$$$$$$$$ 
2018-09-30 00:44:08,997 INFO  [Log] **************************************************************************************** 
2018-09-30 00:44:08,997 INFO  [Log] **************************************************************************************** 
2018-09-30 00:44:15,294 INFO  [Log] **************************************************************************************** 
2018-09-30 00:44:15,294 INFO  [Log] **************************************************************************************** 
2018-09-30 00:44:15,294 INFO  [Log] $$$$$$$$$$$$$$$$$$$$$                 Selenium_Test_002       $$$$$$$$$$$$$$$$$$$$$$$$$ 
2018-09-30 00:44:15,294 INFO  [Log] **************************************************************************************** 
2018-09-30 00:44:15,294 INFO  [Log] **************************************************************************************** 
2018-09-30 00:44:35,970 INFO  [Log] =====Browser Session Started===== 
2018-09-30 00:44:47,622 INFO  [Log] =====Application Started===== 
2018-09-30 00:45:16,554 INFO  [Log] =====Browser Session Started===== 
2018-09-30 00:45:30,449 INFO  [Log] =====Application Started===== 
2018-09-30 00:46:05,798 INFO  [Log] =====Browser Session Started===== 
2018-09-30 00:46:19,393 INFO  [Log] =====Application Started===== 
2018-09-30 00:46:39,647 INFO  [Log] **************************************************************************************** 
2018-09-30 00:46:39,649 INFO  [Log] **************************************************************************************** 
2018-09-30 00:46:39,649 INFO  [Log] $$$$$$$$$$$$$$$$$$$$$                 Selenium_Test_001       $$$$$$$$$$$$$$$$$$$$$$$$$ 
2018-09-30 00:46:39,649 INFO  [Log] **************************************************************************************** 
2018-09-30 00:46:39,649 INFO  [Log] **************************************************************************************** 
2018-09-30 00:46:46,014 INFO  [Log] **************************************************************************************** 
2018-09-30 00:46:46,015 INFO  [Log] **************************************************************************************** 
2018-09-30 00:46:46,015 INFO  [Log] $$$$$$$$$$$$$$$$$$$$$                 Selenium_Test_002       $$$$$$$$$$$$$$$$$$$$$$$$$ 
2018-09-30 00:46:46,015 INFO  [Log] **************************************************************************************** 
2018-09-30 00:46:46,015 INFO  [Log] **************************************************************************************** 
2018-09-30 00:47:06,700 INFO  [Log] =====Browser Session Started===== 
2018-09-30 00:47:17,874 INFO  [Log] =====Application Started===== 
2018-09-30 00:47:18,192 INFO  [Log] =====Browser Session Started===== 
2018-09-30 00:47:32,181 INFO  [Log] =====Application Started===== 
2018-09-30 00:49:00,393 INFO  [Log] =====Browser Session Started===== 
2018-09-30 00:49:13,873 INFO  [Log] =====Application Started===== 
2018-09-30 01:06:03,777 INFO  [Log] =====Browser Session Started===== 
2018-09-30 01:06:18,576 INFO  [Log] =====Application Started===== 
2018-09-30 01:06:39,021 INFO  [Log] **************************************************************************************** 
2018-09-30 01:06:39,022 INFO  [Log] **************************************************************************************** 
2018-09-30 01:06:39,022 INFO  [Log] $$$$$$$$$$$$$$$$$$$$$                 Selenium_Test_001       $$$$$$$$$$$$$$$$$$$$$$$$$ 
2018-09-30 01:06:39,022 INFO  [Log] **************************************************************************************** 
2018-09-30 01:06:39,022 INFO  [Log] **************************************************************************************** 
2018-09-30 01:06:45,965 INFO  [Log] **************************************************************************************** 
2018-09-30 01:06:45,971 INFO  [Log] **************************************************************************************** 
2018-09-30 01:06:45,971 INFO  [Log] $$$$$$$$$$$$$$$$$$$$$                 Selenium_Test_002       $$$$$$$$$$$$$$$$$$$$$$$$$ 
2018-09-30 01:06:45,971 INFO  [Log] **************************************************************************************** 
2018-09-30 01:06:45,971 INFO  [Log] **************************************************************************************** 
2018-09-30 01:07:06,888 INFO  [Log] =====Browser Session Started===== 
2018-09-30 01:07:19,689 INFO  [Log] =====Application Started===== 
2018-09-30 01:07:49,867 INFO  [Log] =====Browser Session Started===== 
2018-09-30 01:08:13,280 INFO  [Log] =====Application Started===== 
2018-09-30 01:09:29,682 INFO  [Log] =====Browser Session Started===== 
2018-09-30 01:09:43,792 INFO  [Log] =====Application Started===== 
2018-09-30 01:09:54,737 INFO  [Log] =====Browser Session Started===== 
2018-09-30 01:10:06,424 INFO  [Log] =====Application Started===== 
2018-09-30 07:22:39,493 INFO  [Log] =====Browser Session Started===== 
2018-09-30 07:22:52,651 INFO  [Log] =====Application Started===== 
2018-09-30 07:28:14,177 INFO  [Log] =====Browser Session Started===== 
2018-09-30 07:28:28,443 INFO  [Log] =====Application Started===== 
2018-09-30 08:06:13,059 INFO  [Log] =====Browser Session Started===== 
2018-09-30 08:06:31,607 INFO  [Log] =====Application Started===== 
2018-09-30 08:06:38,527 INFO  [Log] **************************************************************************************** 
2018-09-30 08:06:38,528 INFO  [Log] **************************************************************************************** 
2018-09-30 08:06:38,528 INFO  [Log] $$$$$$$$$$$$$$$$$$$$$                 Selenium_Test_001       $$$$$$$$$$$$$$$$$$$$$$$$$ 
2018-09-30 08:06:38,528 INFO  [Log] **************************************************************************************** 
2018-09-30 08:06:38,528 INFO  [Log] **************************************************************************************** 
2018-09-30 08:06:38,544 INFO  [Log] **************************************************************************************** 
2018-09-30 08:06:38,544 INFO  [Log] **************************************************************************************** 
2018-09-30 08:06:38,544 INFO  [Log] $$$$$$$$$$$$$$$$$$$$$                 Selenium_Test_002       $$$$$$$$$$$$$$$$$$$$$$$$$ 
2018-09-30 08:06:38,544 INFO  [Log] **************************************************************************************** 
2018-09-30 08:06:38,545 INFO  [Log] **************************************************************************************** 
2018-09-30 08:06:38,718 INFO  [Log] =====Browser Session Started===== 
2018-09-30 08:06:42,070 INFO  [Log] =====Application Started===== 
2018-09-30 08:06:42,207 INFO  [Log] =====Browser Session Started===== 
2018-09-30 08:08:17,278 INFO  [Log] =====Browser Session Started===== 
2018-09-30 08:08:43,757 INFO  [Log] =====Application Started===== 
2018-09-30 08:09:05,115 INFO  [Log] **************************************************************************************** 
2018-09-30 08:09:05,115 INFO  [Log] **************************************************************************************** 
2018-09-30 08:09:05,116 INFO  [Log] $$$$$$$$$$$$$$$$$$$$$                 Selenium_Test_001       $$$$$$$$$$$$$$$$$$$$$$$$$ 
2018-09-30 08:09:05,116 INFO  [Log] **************************************************************************************** 
2018-09-30 08:09:05,116 INFO  [Log] **************************************************************************************** 
2018-09-30 08:09:15,165 INFO  [Log] **************************************************************************************** 
2018-09-30 08:09:15,171 INFO  [Log] **************************************************************************************** 
2018-09-30 08:09:15,171 INFO  [Log] $$$$$$$$$$$$$$$$$$$$$                 Selenium_Test_002       $$$$$$$$$$$$$$$$$$$$$$$$$ 
2018-09-30 08:09:15,171 INFO  [Log] **************************************************************************************** 
2018-09-30 08:09:15,172 INFO  [Log] **************************************************************************************** 
2018-09-30 08:09:37,799 INFO  [Log] =====Browser Session Started===== 
2018-09-30 08:09:59,331 INFO  [Log] =====Application Started===== 
2018-09-30 08:10:35,059 INFO  [Log] =====Browser Session Started===== 
2018-09-30 08:10:48,021 INFO  [Log] =====Application Started===== 
2018-09-30 08:12:30,013 INFO  [Log] =====Browser Session Started===== 
2018-09-30 08:12:47,365 INFO  [Log] =====Application Started===== 
2018-09-30 08:13:02,753 INFO  [Log] =====Browser Session Started===== 
2018-09-30 08:13:23,411 INFO  [Log] =====Application Started===== 
